<?xml version="1.0" encoding="UTF-8"?>
<testsuite name="com.jbettiol.ewddemotest.tagging.TaggingApiTest" tests="3" skipped="0" failures="3" errors="0" timestamp="2019-02-17T20:23:30" hostname="WINDOWS-5PGF8ML" time="13.166">
  <properties/>
  <testcase name="testInsertUpdateAndDelete" classname="com.jbettiol.ewddemotest.tagging.TaggingApiTest" time="0.802">
    <failure message="java.lang.NoSuchMethodError: javax.servlet.http.HttpServletResponse.getStatus()I" type="java.lang.NoSuchMethodError">java.lang.NoSuchMethodError: javax.servlet.http.HttpServletResponse.getStatus()I
	at org.springframework.web.servlet.FrameworkServlet.publishRequestHandledEvent(FrameworkServlet.java:1145)
	at org.springframework.web.servlet.FrameworkServlet.processRequest(FrameworkServlet.java:1022)
	at org.springframework.web.servlet.FrameworkServlet.doPost(FrameworkServlet.java:908)
	at javax.servlet.http.HttpServlet.service(HttpServlet.java:727)
	at org.springframework.web.servlet.FrameworkServlet.service(FrameworkServlet.java:882)
	at org.springframework.test.web.servlet.TestDispatcherServlet.service(TestDispatcherServlet.java:71)
	at javax.servlet.http.HttpServlet.service(HttpServlet.java:820)
	at org.springframework.mock.web.MockFilterChain$ServletFilterProxy.doFilter(MockFilterChain.java:166)
	at org.springframework.mock.web.MockFilterChain.doFilter(MockFilterChain.java:133)
	at org.springframework.test.web.servlet.MockMvc.perform(MockMvc.java:182)
	at com.jbettiol.ewddemotest.tagging.TaggingApiTest.postTaggedFile(TaggingApiTest.java:172)
	at com.jbettiol.ewddemotest.tagging.TaggingApiTest.testInsertUpdateAndDelete(TaggingApiTest.java:139)
	at java.base/jdk.internal.reflect.NativeMethodAccessorImpl.invoke0(Native Method)
	at java.base/jdk.internal.reflect.NativeMethodAccessorImpl.invoke(NativeMethodAccessorImpl.java:62)
	at java.base/jdk.internal.reflect.DelegatingMethodAccessorImpl.invoke(DelegatingMethodAccessorImpl.java:43)
	at java.base/java.lang.reflect.Method.invoke(Method.java:566)
	at org.junit.runners.model.FrameworkMethod$1.runReflectiveCall(FrameworkMethod.java:50)
	at org.junit.internal.runners.model.ReflectiveCallable.run(ReflectiveCallable.java:12)
	at org.junit.runners.model.FrameworkMethod.invokeExplosively(FrameworkMethod.java:47)
	at org.junit.internal.runners.statements.InvokeMethod.evaluate(InvokeMethod.java:17)
	at org.springframework.test.context.junit4.statements.RunBeforeTestExecutionCallbacks.evaluate(RunBeforeTestExecutionCallbacks.java:74)
	at org.springframework.test.context.junit4.statements.RunAfterTestExecutionCallbacks.evaluate(RunAfterTestExecutionCallbacks.java:84)
	at org.junit.internal.runners.statements.RunBefores.evaluate(RunBefores.java:26)
	at org.springframework.test.context.junit4.statements.RunBeforeTestMethodCallbacks.evaluate(RunBeforeTestMethodCallbacks.java:75)
	at org.springframework.test.context.junit4.statements.RunAfterTestMethodCallbacks.evaluate(RunAfterTestMethodCallbacks.java:86)
	at org.springframework.test.context.junit4.statements.SpringRepeat.evaluate(SpringRepeat.java:84)
	at org.junit.runners.ParentRunner.runLeaf(ParentRunner.java:325)
	at org.springframework.test.context.junit4.SpringJUnit4ClassRunner.runChild(SpringJUnit4ClassRunner.java:251)
	at org.springframework.test.context.junit4.SpringJUnit4ClassRunner.runChild(SpringJUnit4ClassRunner.java:97)
	at org.junit.runners.ParentRunner$3.run(ParentRunner.java:290)
	at org.junit.runners.ParentRunner$1.schedule(ParentRunner.java:71)
	at org.junit.runners.ParentRunner.runChildren(ParentRunner.java:288)
	at org.junit.runners.ParentRunner.access$000(ParentRunner.java:58)
	at org.junit.runners.ParentRunner$2.evaluate(ParentRunner.java:268)
	at org.springframework.test.context.junit4.statements.RunBeforeTestClassCallbacks.evaluate(RunBeforeTestClassCallbacks.java:61)
	at org.springframework.test.context.junit4.statements.RunAfterTestClassCallbacks.evaluate(RunAfterTestClassCallbacks.java:70)
	at org.junit.runners.ParentRunner.run(ParentRunner.java:363)
	at org.springframework.test.context.junit4.SpringJUnit4ClassRunner.run(SpringJUnit4ClassRunner.java:190)
	at org.gradle.api.internal.tasks.testing.junit.JUnitTestClassExecutor.runTestClass(JUnitTestClassExecutor.java:106)
	at org.gradle.api.internal.tasks.testing.junit.JUnitTestClassExecutor.execute(JUnitTestClassExecutor.java:58)
	at org.gradle.api.internal.tasks.testing.junit.JUnitTestClassExecutor.execute(JUnitTestClassExecutor.java:38)
	at org.gradle.api.internal.tasks.testing.junit.AbstractJUnitTestClassProcessor.processTestClass(AbstractJUnitTestClassProcessor.java:66)
	at org.gradle.api.internal.tasks.testing.SuiteTestClassProcessor.processTestClass(SuiteTestClassProcessor.java:51)
	at java.base/jdk.internal.reflect.NativeMethodAccessorImpl.invoke0(Native Method)
	at java.base/jdk.internal.reflect.NativeMethodAccessorImpl.invoke(NativeMethodAccessorImpl.java:62)
	at java.base/jdk.internal.reflect.DelegatingMethodAccessorImpl.invoke(DelegatingMethodAccessorImpl.java:43)
	at java.base/java.lang.reflect.Method.invoke(Method.java:566)
	at org.gradle.internal.dispatch.ReflectionDispatch.dispatch(ReflectionDispatch.java:35)
	at org.gradle.internal.dispatch.ReflectionDispatch.dispatch(ReflectionDispatch.java:24)
	at org.gradle.internal.dispatch.ContextClassLoaderDispatch.dispatch(ContextClassLoaderDispatch.java:32)
	at org.gradle.internal.dispatch.ProxyDispatchAdapter$DispatchingInvocationHandler.invoke(ProxyDispatchAdapter.java:93)
	at com.sun.proxy.$Proxy1.processTestClass(Unknown Source)
	at org.gradle.api.internal.tasks.testing.worker.TestWorker.processTestClass(TestWorker.java:109)
	at java.base/jdk.internal.reflect.NativeMethodAccessorImpl.invoke0(Native Method)
	at java.base/jdk.internal.reflect.NativeMethodAccessorImpl.invoke(NativeMethodAccessorImpl.java:62)
	at java.base/jdk.internal.reflect.DelegatingMethodAccessorImpl.invoke(DelegatingMethodAccessorImpl.java:43)
	at java.base/java.lang.reflect.Method.invoke(Method.java:566)
	at org.gradle.internal.dispatch.ReflectionDispatch.dispatch(ReflectionDispatch.java:35)
	at org.gradle.internal.dispatch.ReflectionDispatch.dispatch(ReflectionDispatch.java:24)
	at org.gradle.internal.remote.internal.hub.MessageHubBackedObjectConnection$DispatchWrapper.dispatch(MessageHubBackedObjectConnection.java:155)
	at org.gradle.internal.remote.internal.hub.MessageHubBackedObjectConnection$DispatchWrapper.dispatch(MessageHubBackedObjectConnection.java:137)
	at org.gradle.internal.remote.internal.hub.MessageHub$Handler.run(MessageHub.java:404)
	at org.gradle.internal.concurrent.ExecutorPolicy$CatchAndRecordFailures.onExecute(ExecutorPolicy.java:63)
	at org.gradle.internal.concurrent.ManagedExecutorImpl$1.run(ManagedExecutorImpl.java:46)
	at java.base/java.util.concurrent.ThreadPoolExecutor.runWorker(ThreadPoolExecutor.java:1128)
	at java.base/java.util.concurrent.ThreadPoolExecutor$Worker.run(ThreadPoolExecutor.java:628)
	at org.gradle.internal.concurrent.ThreadFactoryImpl$ManagedThreadRunnable.run(ThreadFactoryImpl.java:55)
	at java.base/java.lang.Thread.run(Thread.java:834)
</failure>
  </testcase>
  <testcase name="resetTaggingDatabase" classname="com.jbettiol.ewddemotest.tagging.TaggingApiTest" time="0.006">
    <failure message="java.lang.NoSuchMethodError: javax.servlet.http.HttpServletResponse.getStatus()I" type="java.lang.NoSuchMethodError">java.lang.NoSuchMethodError: javax.servlet.http.HttpServletResponse.getStatus()I
	at org.springframework.web.servlet.FrameworkServlet.publishRequestHandledEvent(FrameworkServlet.java:1145)
	at org.springframework.web.servlet.FrameworkServlet.processRequest(FrameworkServlet.java:1022)
	at org.springframework.web.servlet.FrameworkServlet.doGet(FrameworkServlet.java:897)
	at javax.servlet.http.HttpServlet.service(HttpServlet.java:707)
	at org.springframework.web.servlet.FrameworkServlet.service(FrameworkServlet.java:882)
	at org.springframework.test.web.servlet.TestDispatcherServlet.service(TestDispatcherServlet.java:71)
	at javax.servlet.http.HttpServlet.service(HttpServlet.java:820)
	at org.springframework.mock.web.MockFilterChain$ServletFilterProxy.doFilter(MockFilterChain.java:166)
	at org.springframework.mock.web.MockFilterChain.doFilter(MockFilterChain.java:133)
	at org.springframework.test.web.servlet.MockMvc.perform(MockMvc.java:182)
	at com.jbettiol.ewddemotest.tagging.TaggingApiTest.resetTaggingDatabase(TaggingApiTest.java:124)
	at java.base/jdk.internal.reflect.NativeMethodAccessorImpl.invoke0(Native Method)
	at java.base/jdk.internal.reflect.NativeMethodAccessorImpl.invoke(NativeMethodAccessorImpl.java:62)
	at java.base/jdk.internal.reflect.DelegatingMethodAccessorImpl.invoke(DelegatingMethodAccessorImpl.java:43)
	at java.base/java.lang.reflect.Method.invoke(Method.java:566)
	at org.junit.runners.model.FrameworkMethod$1.runReflectiveCall(FrameworkMethod.java:50)
	at org.junit.internal.runners.model.ReflectiveCallable.run(ReflectiveCallable.java:12)
	at org.junit.runners.model.FrameworkMethod.invokeExplosively(FrameworkMethod.java:47)
	at org.junit.internal.runners.statements.InvokeMethod.evaluate(InvokeMethod.java:17)
	at org.springframework.test.context.junit4.statements.RunBeforeTestExecutionCallbacks.evaluate(RunBeforeTestExecutionCallbacks.java:74)
	at org.springframework.test.context.junit4.statements.RunAfterTestExecutionCallbacks.evaluate(RunAfterTestExecutionCallbacks.java:84)
	at org.junit.internal.runners.statements.RunBefores.evaluate(RunBefores.java:26)
	at org.springframework.test.context.junit4.statements.RunBeforeTestMethodCallbacks.evaluate(RunBeforeTestMethodCallbacks.java:75)
	at org.springframework.test.context.junit4.statements.RunAfterTestMethodCallbacks.evaluate(RunAfterTestMethodCallbacks.java:86)
	at org.springframework.test.context.junit4.statements.SpringRepeat.evaluate(SpringRepeat.java:84)
	at org.junit.runners.ParentRunner.runLeaf(ParentRunner.java:325)
	at org.springframework.test.context.junit4.SpringJUnit4ClassRunner.runChild(SpringJUnit4ClassRunner.java:251)
	at org.springframework.test.context.junit4.SpringJUnit4ClassRunner.runChild(SpringJUnit4ClassRunner.java:97)
	at org.junit.runners.ParentRunner$3.run(ParentRunner.java:290)
	at org.junit.runners.ParentRunner$1.schedule(ParentRunner.java:71)
	at org.junit.runners.ParentRunner.runChildren(ParentRunner.java:288)
	at org.junit.runners.ParentRunner.access$000(ParentRunner.java:58)
	at org.junit.runners.ParentRunner$2.evaluate(ParentRunner.java:268)
	at org.springframework.test.context.junit4.statements.RunBeforeTestClassCallbacks.evaluate(RunBeforeTestClassCallbacks.java:61)
	at org.springframework.test.context.junit4.statements.RunAfterTestClassCallbacks.evaluate(RunAfterTestClassCallbacks.java:70)
	at org.junit.runners.ParentRunner.run(ParentRunner.java:363)
	at org.springframework.test.context.junit4.SpringJUnit4ClassRunner.run(SpringJUnit4ClassRunner.java:190)
	at org.gradle.api.internal.tasks.testing.junit.JUnitTestClassExecutor.runTestClass(JUnitTestClassExecutor.java:106)
	at org.gradle.api.internal.tasks.testing.junit.JUnitTestClassExecutor.execute(JUnitTestClassExecutor.java:58)
	at org.gradle.api.internal.tasks.testing.junit.JUnitTestClassExecutor.execute(JUnitTestClassExecutor.java:38)
	at org.gradle.api.internal.tasks.testing.junit.AbstractJUnitTestClassProcessor.processTestClass(AbstractJUnitTestClassProcessor.java:66)
	at org.gradle.api.internal.tasks.testing.SuiteTestClassProcessor.processTestClass(SuiteTestClassProcessor.java:51)
	at java.base/jdk.internal.reflect.NativeMethodAccessorImpl.invoke0(Native Method)
	at java.base/jdk.internal.reflect.NativeMethodAccessorImpl.invoke(NativeMethodAccessorImpl.java:62)
	at java.base/jdk.internal.reflect.DelegatingMethodAccessorImpl.invoke(DelegatingMethodAccessorImpl.java:43)
	at java.base/java.lang.reflect.Method.invoke(Method.java:566)
	at org.gradle.internal.dispatch.ReflectionDispatch.dispatch(ReflectionDispatch.java:35)
	at org.gradle.internal.dispatch.ReflectionDispatch.dispatch(ReflectionDispatch.java:24)
	at org.gradle.internal.dispatch.ContextClassLoaderDispatch.dispatch(ContextClassLoaderDispatch.java:32)
	at org.gradle.internal.dispatch.ProxyDispatchAdapter$DispatchingInvocationHandler.invoke(ProxyDispatchAdapter.java:93)
	at com.sun.proxy.$Proxy1.processTestClass(Unknown Source)
	at org.gradle.api.internal.tasks.testing.worker.TestWorker.processTestClass(TestWorker.java:109)
	at java.base/jdk.internal.reflect.NativeMethodAccessorImpl.invoke0(Native Method)
	at java.base/jdk.internal.reflect.NativeMethodAccessorImpl.invoke(NativeMethodAccessorImpl.java:62)
	at java.base/jdk.internal.reflect.DelegatingMethodAccessorImpl.invoke(DelegatingMethodAccessorImpl.java:43)
	at java.base/java.lang.reflect.Method.invoke(Method.java:566)
	at org.gradle.internal.dispatch.ReflectionDispatch.dispatch(ReflectionDispatch.java:35)
	at org.gradle.internal.dispatch.ReflectionDispatch.dispatch(ReflectionDispatch.java:24)
	at org.gradle.internal.remote.internal.hub.MessageHubBackedObjectConnection$DispatchWrapper.dispatch(MessageHubBackedObjectConnection.java:155)
	at org.gradle.internal.remote.internal.hub.MessageHubBackedObjectConnection$DispatchWrapper.dispatch(MessageHubBackedObjectConnection.java:137)
	at org.gradle.internal.remote.internal.hub.MessageHub$Handler.run(MessageHub.java:404)
	at org.gradle.internal.concurrent.ExecutorPolicy$CatchAndRecordFailures.onExecute(ExecutorPolicy.java:63)
	at org.gradle.internal.concurrent.ManagedExecutorImpl$1.run(ManagedExecutorImpl.java:46)
	at java.base/java.util.concurrent.ThreadPoolExecutor.runWorker(ThreadPoolExecutor.java:1128)
	at java.base/java.util.concurrent.ThreadPoolExecutor$Worker.run(ThreadPoolExecutor.java:628)
	at org.gradle.internal.concurrent.ThreadFactoryImpl$ManagedThreadRunnable.run(ThreadFactoryImpl.java:55)
	at java.base/java.lang.Thread.run(Thread.java:834)
</failure>
  </testcase>
  <testcase name="testSearch" classname="com.jbettiol.ewddemotest.tagging.TaggingApiTest" time="12.356">
    <failure message="java.lang.NoSuchMethodError: javax.servlet.http.HttpServletResponse.getStatus()I" type="java.lang.NoSuchMethodError">java.lang.NoSuchMethodError: javax.servlet.http.HttpServletResponse.getStatus()I
	at org.springframework.web.servlet.FrameworkServlet.publishRequestHandledEvent(FrameworkServlet.java:1145)
	at org.springframework.web.servlet.FrameworkServlet.processRequest(FrameworkServlet.java:1022)
	at org.springframework.web.servlet.FrameworkServlet.doGet(FrameworkServlet.java:897)
	at javax.servlet.http.HttpServlet.service(HttpServlet.java:707)
	at org.springframework.web.servlet.FrameworkServlet.service(FrameworkServlet.java:882)
	at org.springframework.test.web.servlet.TestDispatcherServlet.service(TestDispatcherServlet.java:71)
	at javax.servlet.http.HttpServlet.service(HttpServlet.java:820)
	at org.springframework.mock.web.MockFilterChain$ServletFilterProxy.doFilter(MockFilterChain.java:166)
	at org.springframework.mock.web.MockFilterChain.doFilter(MockFilterChain.java:133)
	at org.springframework.test.web.servlet.MockMvc.perform(MockMvc.java:182)
	at com.jbettiol.ewddemotest.tagging.TaggingApiTest.doTagQuery(TaggingApiTest.java:352)
	at com.jbettiol.ewddemotest.tagging.TaggingApiTest.testSearch(TaggingApiTest.java:298)
	at java.base/jdk.internal.reflect.NativeMethodAccessorImpl.invoke0(Native Method)
	at java.base/jdk.internal.reflect.NativeMethodAccessorImpl.invoke(NativeMethodAccessorImpl.java:62)
	at java.base/jdk.internal.reflect.DelegatingMethodAccessorImpl.invoke(DelegatingMethodAccessorImpl.java:43)
	at java.base/java.lang.reflect.Method.invoke(Method.java:566)
	at org.junit.runners.model.FrameworkMethod$1.runReflectiveCall(FrameworkMethod.java:50)
	at org.junit.internal.runners.model.ReflectiveCallable.run(ReflectiveCallable.java:12)
	at org.junit.runners.model.FrameworkMethod.invokeExplosively(FrameworkMethod.java:47)
	at org.junit.internal.runners.statements.InvokeMethod.evaluate(InvokeMethod.java:17)
	at org.springframework.test.context.junit4.statements.RunBeforeTestExecutionCallbacks.evaluate(RunBeforeTestExecutionCallbacks.java:74)
	at org.springframework.test.context.junit4.statements.RunAfterTestExecutionCallbacks.evaluate(RunAfterTestExecutionCallbacks.java:84)
	at org.junit.internal.runners.statements.RunBefores.evaluate(RunBefores.java:26)
	at org.springframework.test.context.junit4.statements.RunBeforeTestMethodCallbacks.evaluate(RunBeforeTestMethodCallbacks.java:75)
	at org.springframework.test.context.junit4.statements.RunAfterTestMethodCallbacks.evaluate(RunAfterTestMethodCallbacks.java:86)
	at org.springframework.test.context.junit4.statements.SpringRepeat.evaluate(SpringRepeat.java:84)
	at org.junit.runners.ParentRunner.runLeaf(ParentRunner.java:325)
	at org.springframework.test.context.junit4.SpringJUnit4ClassRunner.runChild(SpringJUnit4ClassRunner.java:251)
	at org.springframework.test.context.junit4.SpringJUnit4ClassRunner.runChild(SpringJUnit4ClassRunner.java:97)
	at org.junit.runners.ParentRunner$3.run(ParentRunner.java:290)
	at org.junit.runners.ParentRunner$1.schedule(ParentRunner.java:71)
	at org.junit.runners.ParentRunner.runChildren(ParentRunner.java:288)
	at org.junit.runners.ParentRunner.access$000(ParentRunner.java:58)
	at org.junit.runners.ParentRunner$2.evaluate(ParentRunner.java:268)
	at org.springframework.test.context.junit4.statements.RunBeforeTestClassCallbacks.evaluate(RunBeforeTestClassCallbacks.java:61)
	at org.springframework.test.context.junit4.statements.RunAfterTestClassCallbacks.evaluate(RunAfterTestClassCallbacks.java:70)
	at org.junit.runners.ParentRunner.run(ParentRunner.java:363)
	at org.springframework.test.context.junit4.SpringJUnit4ClassRunner.run(SpringJUnit4ClassRunner.java:190)
	at org.gradle.api.internal.tasks.testing.junit.JUnitTestClassExecutor.runTestClass(JUnitTestClassExecutor.java:106)
	at org.gradle.api.internal.tasks.testing.junit.JUnitTestClassExecutor.execute(JUnitTestClassExecutor.java:58)
	at org.gradle.api.internal.tasks.testing.junit.JUnitTestClassExecutor.execute(JUnitTestClassExecutor.java:38)
	at org.gradle.api.internal.tasks.testing.junit.AbstractJUnitTestClassProcessor.processTestClass(AbstractJUnitTestClassProcessor.java:66)
	at org.gradle.api.internal.tasks.testing.SuiteTestClassProcessor.processTestClass(SuiteTestClassProcessor.java:51)
	at java.base/jdk.internal.reflect.NativeMethodAccessorImpl.invoke0(Native Method)
	at java.base/jdk.internal.reflect.NativeMethodAccessorImpl.invoke(NativeMethodAccessorImpl.java:62)
	at java.base/jdk.internal.reflect.DelegatingMethodAccessorImpl.invoke(DelegatingMethodAccessorImpl.java:43)
	at java.base/java.lang.reflect.Method.invoke(Method.java:566)
	at org.gradle.internal.dispatch.ReflectionDispatch.dispatch(ReflectionDispatch.java:35)
	at org.gradle.internal.dispatch.ReflectionDispatch.dispatch(ReflectionDispatch.java:24)
	at org.gradle.internal.dispatch.ContextClassLoaderDispatch.dispatch(ContextClassLoaderDispatch.java:32)
	at org.gradle.internal.dispatch.ProxyDispatchAdapter$DispatchingInvocationHandler.invoke(ProxyDispatchAdapter.java:93)
	at com.sun.proxy.$Proxy1.processTestClass(Unknown Source)
	at org.gradle.api.internal.tasks.testing.worker.TestWorker.processTestClass(TestWorker.java:109)
	at java.base/jdk.internal.reflect.NativeMethodAccessorImpl.invoke0(Native Method)
	at java.base/jdk.internal.reflect.NativeMethodAccessorImpl.invoke(NativeMethodAccessorImpl.java:62)
	at java.base/jdk.internal.reflect.DelegatingMethodAccessorImpl.invoke(DelegatingMethodAccessorImpl.java:43)
	at java.base/java.lang.reflect.Method.invoke(Method.java:566)
	at org.gradle.internal.dispatch.ReflectionDispatch.dispatch(ReflectionDispatch.java:35)
	at org.gradle.internal.dispatch.ReflectionDispatch.dispatch(ReflectionDispatch.java:24)
	at org.gradle.internal.remote.internal.hub.MessageHubBackedObjectConnection$DispatchWrapper.dispatch(MessageHubBackedObjectConnection.java:155)
	at org.gradle.internal.remote.internal.hub.MessageHubBackedObjectConnection$DispatchWrapper.dispatch(MessageHubBackedObjectConnection.java:137)
	at org.gradle.internal.remote.internal.hub.MessageHub$Handler.run(MessageHub.java:404)
	at org.gradle.internal.concurrent.ExecutorPolicy$CatchAndRecordFailures.onExecute(ExecutorPolicy.java:63)
	at org.gradle.internal.concurrent.ManagedExecutorImpl$1.run(ManagedExecutorImpl.java:46)
	at java.base/java.util.concurrent.ThreadPoolExecutor.runWorker(ThreadPoolExecutor.java:1128)
	at java.base/java.util.concurrent.ThreadPoolExecutor$Worker.run(ThreadPoolExecutor.java:628)
	at org.gradle.internal.concurrent.ThreadFactoryImpl$ManagedThreadRunnable.run(ThreadFactoryImpl.java:55)
	at java.base/java.lang.Thread.run(Thread.java:834)
</failure>
  </testcase>
  <system-out><![CDATA[
  .   ____          _            __ _ _
 /\\ / ___'_ __ _ _(_)_ __  __ _ \ \ \ \
( ( )\___ | '_ | '_| | '_ \/ _` | \ \ \ \
 \\/  ___)| |_)| | | | | || (_| |  ) ) ) )
  '  |____| .__|_| |_|_| |_\__, | / / / /
 =========|_|==============|___/=/_/_/_/
 :: Spring Boot ::        (v2.1.2.RELEASE)

2019-02-17 21:23:24.720  INFO 22640 --- [    Test worker] c.j.e.t.TaggingApiTest                   : Starting TaggingApiTest on WINDOWS-5PGF8ML with PID 22640 (started by john in C:\Users\john\git\challenges\jbettiol-ewd-test)
2019-02-17 21:23:24.743  INFO 22640 --- [    Test worker] c.j.e.t.TaggingApiTest                   : The following profiles are active: test
2019-02-17 21:23:26.087  INFO 22640 --- [    Test worker] o.a.s.c.SolrResourceLoader               : solr home defaulted to 'solr/' (could not find system property or JNDI)
2019-02-17 21:23:26.094  INFO 22640 --- [    Test worker] o.a.s.c.SolrXmlConfig                    : Loading container configuration from C:\Users\john\git\challenges\jbettiol-ewd-test\testdata\solr\solr.xml
2019-02-17 21:23:26.146  INFO 22640 --- [    Test worker] o.a.s.c.SolrXmlConfig                    : MBean server found: com.sun.jmx.mbeanserver.JmxMBeanServer@10d60935, but no JMX reporters were configured - adding default JMX reporter.
2019-02-17 21:23:26.988  INFO 22640 --- [    Test worker] o.a.s.c.TransientSolrCoreCacheDefault    : Allocating transient cache for 2147483647 transient cores
2019-02-17 21:23:26.988  INFO 22640 --- [    Test worker] o.a.s.h.a.MetricsHistoryHandler          : No .system collection, keeping metrics history in memory.
2019-02-17 21:23:27.069  INFO 22640 --- [    Test worker] o.a.s.m.r.SolrJmxReporter                : JMX monitoring for 'solr.node' (registry 'solr.node') enabled at server: com.sun.jmx.mbeanserver.JmxMBeanServer@10d60935
2019-02-17 21:23:27.070  INFO 22640 --- [    Test worker] o.a.s.m.r.SolrJmxReporter                : JMX monitoring for 'solr.jvm' (registry 'solr.jvm') enabled at server: com.sun.jmx.mbeanserver.JmxMBeanServer@10d60935
2019-02-17 21:23:27.071  INFO 22640 --- [    Test worker] o.a.s.m.r.SolrJmxReporter                : JMX monitoring for 'solr.jetty' (registry 'solr.jetty') enabled at server: com.sun.jmx.mbeanserver.JmxMBeanServer@10d60935
2019-02-17 21:23:27.088  INFO 22640 --- [    Test worker] o.a.s.c.CorePropertiesLocator            : Found 1 core definitions underneath C:\Users\john\git\challenges\jbettiol-ewd-test\testdata\solr
2019-02-17 21:23:27.089  INFO 22640 --- [    Test worker] o.a.s.c.CorePropertiesLocator            : Cores are: [collection]
2019-02-17 21:23:27.142  WARN 22640 --- [utor-9-thread-1] o.a.s.c.SolrConfig                       : Couldn't add files from C:\Users\john\git\challenges\jbettiol-ewd-test\testdata\solr\collection\..\..\..\..\contrib\extraction\lib filtered by .*\.jar to classpath: C:\Users\john\git\challenges\jbettiol-ewd-test\testdata\solr\collection\..\..\..\..\contrib\extraction\lib
2019-02-17 21:23:27.142  WARN 22640 --- [utor-9-thread-1] o.a.s.c.SolrConfig                       : Couldn't add files from C:\Users\john\git\challenges\jbettiol-ewd-test\testdata\solr\collection\..\..\..\..\dist filtered by solr-cell-\d.*\.jar to classpath: C:\Users\john\git\challenges\jbettiol-ewd-test\testdata\solr\collection\..\..\..\..\dist
2019-02-17 21:23:27.142  WARN 22640 --- [utor-9-thread-1] o.a.s.c.SolrConfig                       : Couldn't add files from C:\Users\john\git\challenges\jbettiol-ewd-test\testdata\solr\collection\..\..\..\..\contrib\clustering\lib filtered by .*\.jar to classpath: C:\Users\john\git\challenges\jbettiol-ewd-test\testdata\solr\collection\..\..\..\..\contrib\clustering\lib
2019-02-17 21:23:27.142  WARN 22640 --- [utor-9-thread-1] o.a.s.c.SolrConfig                       : Couldn't add files from C:\Users\john\git\challenges\jbettiol-ewd-test\testdata\solr\collection\..\..\..\..\dist filtered by solr-clustering-\d.*\.jar to classpath: C:\Users\john\git\challenges\jbettiol-ewd-test\testdata\solr\collection\..\..\..\..\dist
2019-02-17 21:23:27.142  WARN 22640 --- [utor-9-thread-1] o.a.s.c.SolrConfig                       : Couldn't add files from C:\Users\john\git\challenges\jbettiol-ewd-test\testdata\solr\collection\..\..\..\..\contrib\langid\lib filtered by .*\.jar to classpath: C:\Users\john\git\challenges\jbettiol-ewd-test\testdata\solr\collection\..\..\..\..\contrib\langid\lib
2019-02-17 21:23:27.142  WARN 22640 --- [utor-9-thread-1] o.a.s.c.SolrConfig                       : Couldn't add files from C:\Users\john\git\challenges\jbettiol-ewd-test\testdata\solr\collection\..\..\..\..\dist filtered by solr-langid-\d.*\.jar to classpath: C:\Users\john\git\challenges\jbettiol-ewd-test\testdata\solr\collection\..\..\..\..\dist
2019-02-17 21:23:27.142  WARN 22640 --- [utor-9-thread-1] o.a.s.c.SolrConfig                       : Couldn't add files from C:\Users\john\git\challenges\jbettiol-ewd-test\testdata\solr\collection\..\..\..\..\contrib\velocity\lib filtered by .*\.jar to classpath: C:\Users\john\git\challenges\jbettiol-ewd-test\testdata\solr\collection\..\..\..\..\contrib\velocity\lib
2019-02-17 21:23:27.142  WARN 22640 --- [utor-9-thread-1] o.a.s.c.SolrConfig                       : Couldn't add files from C:\Users\john\git\challenges\jbettiol-ewd-test\testdata\solr\collection\..\..\..\..\dist filtered by solr-velocity-\d.*\.jar to classpath: C:\Users\john\git\challenges\jbettiol-ewd-test\testdata\solr\collection\..\..\..\..\dist
2019-02-17 21:23:27.173  INFO 22640 --- [utor-9-thread-1] o.a.s.c.SolrConfig                       : Using Lucene MatchVersion: 7.6.0
2019-02-17 21:23:27.311  INFO 22640 --- [utor-9-thread-1] o.a.s.s.IndexSchema                      : [collection] Schema name=default-config
2019-02-17 21:23:27.700  INFO 22640 --- [utor-9-thread-1] o.a.s.s.IndexSchema                      : Loaded schema default-config/1.6 with uniqueid field id
2019-02-17 21:23:27.731  INFO 22640 --- [utor-9-thread-1] o.a.s.c.CoreContainer                    : Creating SolrCore 'collection' using configuration from instancedir C:\Users\john\git\challenges\jbettiol-ewd-test\testdata\solr\collection, trusted=true
2019-02-17 21:23:27.780  INFO 22640 --- [utor-9-thread-1] o.a.s.m.r.SolrJmxReporter                : JMX monitoring for 'solr.core.collection' (registry 'solr.core.collection') enabled at server: com.sun.jmx.mbeanserver.JmxMBeanServer@10d60935
2019-02-17 21:23:27.795  INFO 22640 --- [utor-9-thread-1] o.a.s.c.SolrCore                         : solr.RecoveryStrategy.Builder
2019-02-17 21:23:27.796  INFO 22640 --- [utor-9-thread-1] o.a.s.c.SolrCore                         : [[collection] ] Opening new SolrCore at [C:\Users\john\git\challenges\jbettiol-ewd-test\testdata\solr\collection], dataDir=[C:\Users\john\git\challenges\jbettiol-ewd-test\testdata\solr\collection\data\]
2019-02-17 21:23:27.905  INFO 22640 --- [utor-9-thread-1] o.a.s.r.XSLTResponseWriter               : xsltCacheLifetimeSeconds=5
2019-02-17 21:23:28.422  INFO 22640 --- [utor-9-thread-1] o.a.s.u.UpdateHandler                    : Using UpdateLog implementation: org.apache.solr.update.UpdateLog
2019-02-17 21:23:28.422  INFO 22640 --- [utor-9-thread-1] o.a.s.u.UpdateLog                        : Initializing UpdateLog: dataDir= defaultSyncLevel=FLUSH numRecordsToKeep=100 maxNumLogsToKeep=10 numVersionBuckets=65536
2019-02-17 21:23:28.449  INFO 22640 --- [utor-9-thread-1] o.a.s.u.CommitTracker                    : Hard AutoCommit: if uncommited for 15000ms; 
2019-02-17 21:23:28.449  INFO 22640 --- [utor-9-thread-1] o.a.s.u.CommitTracker                    : Soft AutoCommit: disabled
2019-02-17 21:23:28.632  INFO 22640 --- [utor-9-thread-1] o.a.s.s.SolrIndexSearcher                : Opening [Searcher@21a49e26[collection] main]
2019-02-17 21:23:28.648  INFO 22640 --- [utor-9-thread-1] o.a.s.r.ManagedResourceStorage           : File-based storage initialized to use dir: C:\Users\john\git\challenges\jbettiol-ewd-test\testdata\solr\collection\conf
2019-02-17 21:23:28.664  INFO 22640 --- [utor-9-thread-1] o.a.s.h.c.SpellCheckComponent            : Initializing spell checkers
2019-02-17 21:23:28.664  INFO 22640 --- [utor-9-thread-1] o.a.s.s.DirectSolrSpellChecker           : init: {name=default,field=_text_,classname=solr.DirectSolrSpellChecker,distanceMeasure=internal,accuracy=0.5,maxEdits=2,minPrefix=1,maxInspections=5,minQueryLength=4,maxQueryFrequency=0.01}
2019-02-17 21:23:28.679  INFO 22640 --- [utor-9-thread-1] o.a.s.h.ReplicationHandler               : Commits will be reserved for 10000ms.
2019-02-17 21:23:28.679  INFO 22640 --- [ng-x:collection] o.a.s.c.QuerySenderListener              : QuerySenderListener sending requests to Searcher@21a49e26[collection] main{ExitableDirectoryReader(UninvertingDirectoryReader(Uninverting(_2rv(7.4.0):C1) Uninverting(_2rw(7.4.0):C1) Uninverting(_2rx(7.4.0):C1) Uninverting(_2ry(7.4.0):C1) Uninverting(_2rz(7.4.0):C1) Uninverting(_2s0(7.4.0):C1) Uninverting(_2s1(7.4.0):C1) Uninverting(_2s2(7.4.0):C1) Uninverting(_2s3(7.4.0):C1) Uninverting(_2s4(7.4.0):C1)))}
2019-02-17 21:23:28.679  INFO 22640 --- [ng-x:collection] o.a.s.c.QuerySenderListener              : QuerySenderListener done.
2019-02-17 21:23:28.679  INFO 22640 --- [ng-x:collection] o.a.s.h.c.SpellCheckComponent            : Loading spell index for spellchecker: default
2019-02-17 21:23:28.679  INFO 22640 --- [ng-x:collection] o.a.s.c.SolrCore                         : [collection] Registered new searcher Searcher@21a49e26[collection] main{ExitableDirectoryReader(UninvertingDirectoryReader(Uninverting(_2rv(7.4.0):C1) Uninverting(_2rw(7.4.0):C1) Uninverting(_2rx(7.4.0):C1) Uninverting(_2ry(7.4.0):C1) Uninverting(_2rz(7.4.0):C1) Uninverting(_2s0(7.4.0):C1) Uninverting(_2s1(7.4.0):C1) Uninverting(_2s2(7.4.0):C1) Uninverting(_2s3(7.4.0):C1) Uninverting(_2s4(7.4.0):C1)))}
2019-02-17 21:23:28.695  WARN 22640 --- [ng-x:collection] o.a.s.u.UpdateLog                        : Starting log replay tlog{file=C:\Users\john\git\challenges\jbettiol-ewd-test\testdata\solr\collection\data\tlog\tlog.0000000000000003383 refcount=2} active=false starting pos=0 inSortedOrder=false
2019-02-17 21:23:28.773  INFO 22640 --- [ng-x:collection] o.a.s.s.SolrIndexSearcher                : Opening [Searcher@281d6b05[collection] realtime]
2019-02-17 21:23:28.789  INFO 22640 --- [ng-x:collection] o.a.s.u.DirectUpdateHandler2             : start commit{flags=2,optimize=false,openSearcher=true,waitSearcher=true,expungeDeletes=false,softCommit=false,prepareCommit=false}
2019-02-17 21:23:28.789  INFO 22640 --- [ng-x:collection] o.a.s.u.SolrIndexWriter                  : Calling setCommitData with IW:org.apache.solr.update.SolrIndexWriter@4e80896e commitCommandVersion:0
2019-02-17 21:23:28.812  INFO 22640 --- [ng-x:collection] o.a.s.s.SolrIndexSearcher                : Opening [Searcher@139f57da[collection] main]
2019-02-17 21:23:28.813  INFO 22640 --- [ng-x:collection] o.a.s.u.DirectUpdateHandler2             : end_commit_flush
2019-02-17 21:23:28.813  INFO 22640 --- [ng-x:collection] o.a.s.c.QuerySenderListener              : QuerySenderListener sending requests to Searcher@139f57da[collection] main{ExitableDirectoryReader(UninvertingDirectoryReader())}
2019-02-17 21:23:28.813  INFO 22640 --- [ng-x:collection] o.a.s.c.QuerySenderListener              : QuerySenderListener done.
2019-02-17 21:23:28.813  INFO 22640 --- [ng-x:collection] o.a.s.c.SolrCore                         : [collection] Registered new searcher Searcher@139f57da[collection] main{ExitableDirectoryReader(UninvertingDirectoryReader())}
2019-02-17 21:23:28.876  INFO 22640 --- [ng-x:collection] o.a.s.u.p.LogUpdateProcessorFactory      : [collection] {deleteByQuery=*:* (-1625748916352843776)} 0 172
2019-02-17 21:23:28.876  WARN 22640 --- [ng-x:collection] o.a.s.u.UpdateLog                        : Log replay finished. recoveryInfo=RecoveryInfo{adds=0 deletes=0 deleteByQuery=1 errors=0 positionOfStart=0}
2019-02-17 21:23:29.436  INFO 22640 --- [    Test worker] o.s.s.c.ThreadPoolTaskExecutor           : Initializing ExecutorService 'applicationTaskExecutor'
2019-02-17 21:23:30.033  INFO 22640 --- [    Test worker] c.j.e.t.TaggingApiTest                   : Started TaggingApiTest in 5.739 seconds (JVM running for 7.469)
2019-02-17 21:23:30.504  INFO 22640 --- [    Test worker] o.s.b.t.m.w.SpringBootMockServletContext : Initializing Spring TestDispatcherServlet ''
2019-02-17 21:23:30.504  INFO 22640 --- [    Test worker] o.s.t.w.s.TestDispatcherServlet          : Initializing Servlet ''
2019-02-17 21:23:30.516  INFO 22640 --- [    Test worker] o.s.t.w.s.TestDispatcherServlet          : Completed initialization in 12 ms
i>dbid1 tags: miami, cv, application, work, beach
2019-02-17 21:23:30.662  INFO 22640 --- [    Test worker] o.a.s.u.p.LogUpdateProcessorFactory      : [collection]  webapp=null path=/update params={}{add=[dbid1 (1625748941690634240)]} 0 66
2019-02-17 21:23:30.677  INFO 22640 --- [    Test worker] o.a.s.u.DirectUpdateHandler2             : start commit{_version_=1625748941755645952,optimize=false,openSearcher=true,waitSearcher=true,expungeDeletes=false,softCommit=false,prepareCommit=false}
2019-02-17 21:23:30.677  INFO 22640 --- [    Test worker] o.a.s.u.SolrIndexWriter                  : Calling setCommitData with IW:org.apache.solr.update.SolrIndexWriter@4e80896e commitCommandVersion:1625748941755645952
2019-02-17 21:23:30.831  INFO 22640 --- [    Test worker] o.a.s.s.SolrIndexSearcher                : Opening [Searcher@2e6e4c72[collection] main]
2019-02-17 21:23:30.831  INFO 22640 --- [tor-10-thread-1] o.a.s.c.QuerySenderListener              : QuerySenderListener sending requests to Searcher@2e6e4c72[collection] main{ExitableDirectoryReader(UninvertingDirectoryReader(Uninverting(_2s5(7.4.0):C1)))}
2019-02-17 21:23:30.831  INFO 22640 --- [tor-10-thread-1] o.a.s.c.QuerySenderListener              : QuerySenderListener done.
2019-02-17 21:23:30.831  INFO 22640 --- [    Test worker] o.a.s.u.DirectUpdateHandler2             : end_commit_flush
2019-02-17 21:23:30.831  INFO 22640 --- [tor-10-thread-1] o.a.s.c.SolrCore                         : [collection] Registered new searcher Searcher@2e6e4c72[collection] main{ExitableDirectoryReader(UninvertingDirectoryReader(Uninverting(_2s5(7.4.0):C1)))}
2019-02-17 21:23:30.831  INFO 22640 --- [    Test worker] o.a.s.u.p.LogUpdateProcessorFactory      : [collection]  webapp=null path=/update params={commit=true&softCommit=false&waitSearcher=true}{commit=} 0 165
2019-02-17 21:23:30.862  INFO 22640 --- [    Test worker] o.s.b.t.m.w.SpringBootMockServletContext : Initializing Spring TestDispatcherServlet ''
2019-02-17 21:23:30.862  INFO 22640 --- [    Test worker] o.s.t.w.s.TestDispatcherServlet          : Initializing Servlet ''
2019-02-17 21:23:30.862  INFO 22640 --- [    Test worker] o.s.t.w.s.TestDispatcherServlet          : Completed initialization in 0 ms
2019-02-17 21:23:30.878  INFO 22640 --- [    Test worker] o.s.b.t.m.w.SpringBootMockServletContext : Initializing Spring TestDispatcherServlet ''
2019-02-17 21:23:30.878  INFO 22640 --- [    Test worker] o.s.t.w.s.TestDispatcherServlet          : Initializing Servlet ''
2019-02-17 21:23:30.878  INFO 22640 --- [    Test worker] o.s.t.w.s.TestDispatcherServlet          : Completed initialization in 0 ms
2019-02-17 21:23:30.878  INFO 22640 --- [    Test worker] o.a.s.s.SolrIndexSearcher                : Opening [Searcher@812439f[collection] realtime]
2019-02-17 21:23:30.878  INFO 22640 --- [    Test worker] o.a.s.u.p.LogUpdateProcessorFactory      : [collection]  webapp=null path=/update params={}{deleteByQuery=*:* (-1625748941966409728)} 0 4
Uploade file: /EWD-TestFolder/TestFile-1.txt
i>id:HlkZd2jnAqYAAAAAAAANsA tags: miami
2019-02-17 21:23:33.464  INFO 22640 --- [    Test worker] o.a.s.u.p.LogUpdateProcessorFactory      : [collection]  webapp=null path=/update params={}{add=[id:HlkZd2jnAqYAAAAAAAANsA (1625748944678027264)]} 0 6
2019-02-17 21:23:33.464  INFO 22640 --- [    Test worker] o.a.s.u.DirectUpdateHandler2             : start commit{_version_=1625748944678027265,optimize=false,openSearcher=true,waitSearcher=true,expungeDeletes=false,softCommit=false,prepareCommit=false}
2019-02-17 21:23:33.464  INFO 22640 --- [    Test worker] o.a.s.u.SolrIndexWriter                  : Calling setCommitData with IW:org.apache.solr.update.SolrIndexWriter@4e80896e commitCommandVersion:1625748944678027265
2019-02-17 21:23:33.589  INFO 22640 --- [    Test worker] o.a.s.s.SolrIndexSearcher                : Opening [Searcher@287302d8[collection] main]
2019-02-17 21:23:33.589  INFO 22640 --- [tor-10-thread-1] o.a.s.c.QuerySenderListener              : QuerySenderListener sending requests to Searcher@287302d8[collection] main{ExitableDirectoryReader(UninvertingDirectoryReader(Uninverting(_2s6(7.4.0):C1)))}
2019-02-17 21:23:33.589  INFO 22640 --- [tor-10-thread-1] o.a.s.c.QuerySenderListener              : QuerySenderListener done.
2019-02-17 21:23:33.589  INFO 22640 --- [    Test worker] o.a.s.u.DirectUpdateHandler2             : end_commit_flush
2019-02-17 21:23:33.589  INFO 22640 --- [tor-10-thread-1] o.a.s.c.SolrCore                         : [collection] Registered new searcher Searcher@287302d8[collection] main{ExitableDirectoryReader(UninvertingDirectoryReader(Uninverting(_2s6(7.4.0):C1)))}
2019-02-17 21:23:33.589  INFO 22640 --- [    Test worker] o.a.s.u.p.LogUpdateProcessorFactory      : [collection]  webapp=null path=/update params={commit=true&softCommit=false&waitSearcher=true}{commit=} 0 122
Uploade file: /EWD-TestFolder/TestFile-2.txt
i>id:HlkZd2jnAqYAAAAAAAANsg tags: miami
2019-02-17 21:23:34.505  INFO 22640 --- [    Test worker] o.a.s.u.p.LogUpdateProcessorFactory      : [collection]  webapp=null path=/update params={}{add=[id:HlkZd2jnAqYAAAAAAAANsg (1625748945763303424)]} 0 6
2019-02-17 21:23:34.506  INFO 22640 --- [    Test worker] o.a.s.u.DirectUpdateHandler2             : start commit{_version_=1625748945770643456,optimize=false,openSearcher=true,waitSearcher=true,expungeDeletes=false,softCommit=false,prepareCommit=false}
2019-02-17 21:23:34.507  INFO 22640 --- [    Test worker] o.a.s.u.SolrIndexWriter                  : Calling setCommitData with IW:org.apache.solr.update.SolrIndexWriter@4e80896e commitCommandVersion:1625748945770643456
2019-02-17 21:23:34.622  INFO 22640 --- [    Test worker] o.a.s.s.SolrIndexSearcher                : Opening [Searcher@3b90c7f6[collection] main]
2019-02-17 21:23:34.622  INFO 22640 --- [tor-10-thread-1] o.a.s.c.QuerySenderListener              : QuerySenderListener sending requests to Searcher@3b90c7f6[collection] main{ExitableDirectoryReader(UninvertingDirectoryReader(Uninverting(_2s6(7.4.0):C1) Uninverting(_2s7(7.4.0):C1)))}
2019-02-17 21:23:34.622  INFO 22640 --- [tor-10-thread-1] o.a.s.c.QuerySenderListener              : QuerySenderListener done.
2019-02-17 21:23:34.622  INFO 22640 --- [    Test worker] o.a.s.u.DirectUpdateHandler2             : end_commit_flush
2019-02-17 21:23:34.622  INFO 22640 --- [tor-10-thread-1] o.a.s.c.SolrCore                         : [collection] Registered new searcher Searcher@3b90c7f6[collection] main{ExitableDirectoryReader(UninvertingDirectoryReader(Uninverting(_2s6(7.4.0):C1) Uninverting(_2s7(7.4.0):C1)))}
2019-02-17 21:23:34.622  INFO 22640 --- [    Test worker] o.a.s.u.p.LogUpdateProcessorFactory      : [collection]  webapp=null path=/update params={commit=true&softCommit=false&waitSearcher=true}{commit=} 0 129
Uploade file: /EWD-TestFolder/TestFile-3.txt
i>id:HlkZd2jnAqYAAAAAAAANsw tags: miami, cv
2019-02-17 21:23:35.551  INFO 22640 --- [    Test worker] o.a.s.u.p.LogUpdateProcessorFactory      : [collection]  webapp=null path=/update params={}{add=[id:HlkZd2jnAqYAAAAAAAANsw (1625748946858016768)]} 0 8
2019-02-17 21:23:35.552  INFO 22640 --- [    Test worker] o.a.s.u.DirectUpdateHandler2             : start commit{_version_=1625748946867453952,optimize=false,openSearcher=true,waitSearcher=true,expungeDeletes=false,softCommit=false,prepareCommit=false}
2019-02-17 21:23:35.553  INFO 22640 --- [    Test worker] o.a.s.u.SolrIndexWriter                  : Calling setCommitData with IW:org.apache.solr.update.SolrIndexWriter@4e80896e commitCommandVersion:1625748946867453952
2019-02-17 21:23:35.663  INFO 22640 --- [    Test worker] o.a.s.s.SolrIndexSearcher                : Opening [Searcher@161dd69d[collection] main]
2019-02-17 21:23:35.679  INFO 22640 --- [tor-10-thread-1] o.a.s.c.QuerySenderListener              : QuerySenderListener sending requests to Searcher@161dd69d[collection] main{ExitableDirectoryReader(UninvertingDirectoryReader(Uninverting(_2s6(7.4.0):C1) Uninverting(_2s7(7.4.0):C1) Uninverting(_2s8(7.4.0):C1)))}
2019-02-17 21:23:35.679  INFO 22640 --- [tor-10-thread-1] o.a.s.c.QuerySenderListener              : QuerySenderListener done.
2019-02-17 21:23:35.679  INFO 22640 --- [    Test worker] o.a.s.u.DirectUpdateHandler2             : end_commit_flush
2019-02-17 21:23:35.679  INFO 22640 --- [tor-10-thread-1] o.a.s.c.SolrCore                         : [collection] Registered new searcher Searcher@161dd69d[collection] main{ExitableDirectoryReader(UninvertingDirectoryReader(Uninverting(_2s6(7.4.0):C1) Uninverting(_2s7(7.4.0):C1) Uninverting(_2s8(7.4.0):C1)))}
2019-02-17 21:23:35.679  INFO 22640 --- [    Test worker] o.a.s.u.p.LogUpdateProcessorFactory      : [collection]  webapp=null path=/update params={commit=true&softCommit=false&waitSearcher=true}{commit=} 0 130
Uploade file: /EWD-TestFolder/TestFile-4.txt
i>id:HlkZd2jnAqYAAAAAAAANtA tags: miami, cv
2019-02-17 21:23:36.610  INFO 22640 --- [    Test worker] o.a.s.u.p.LogUpdateProcessorFactory      : [collection]  webapp=null path=/update params={}{add=[id:HlkZd2jnAqYAAAAAAAANtA (1625748947976847360)]} 0 3
2019-02-17 21:23:36.610  INFO 22640 --- [    Test worker] o.a.s.u.DirectUpdateHandler2             : start commit{_version_=1625748947976847361,optimize=false,openSearcher=true,waitSearcher=true,expungeDeletes=false,softCommit=false,prepareCommit=false}
2019-02-17 21:23:36.610  INFO 22640 --- [    Test worker] o.a.s.u.SolrIndexWriter                  : Calling setCommitData with IW:org.apache.solr.update.SolrIndexWriter@4e80896e commitCommandVersion:1625748947976847361
2019-02-17 21:23:36.735  INFO 22640 --- [    Test worker] o.a.s.s.SolrIndexSearcher                : Opening [Searcher@3d2c15c4[collection] main]
2019-02-17 21:23:36.735  INFO 22640 --- [tor-10-thread-1] o.a.s.c.QuerySenderListener              : QuerySenderListener sending requests to Searcher@3d2c15c4[collection] main{ExitableDirectoryReader(UninvertingDirectoryReader(Uninverting(_2s6(7.4.0):C1) Uninverting(_2s7(7.4.0):C1) Uninverting(_2s8(7.4.0):C1) Uninverting(_2s9(7.4.0):C1)))}
2019-02-17 21:23:36.735  INFO 22640 --- [tor-10-thread-1] o.a.s.c.QuerySenderListener              : QuerySenderListener done.
2019-02-17 21:23:36.735  INFO 22640 --- [    Test worker] o.a.s.u.DirectUpdateHandler2             : end_commit_flush
2019-02-17 21:23:36.750  INFO 22640 --- [tor-10-thread-1] o.a.s.c.SolrCore                         : [collection] Registered new searcher Searcher@3d2c15c4[collection] main{ExitableDirectoryReader(UninvertingDirectoryReader(Uninverting(_2s6(7.4.0):C1) Uninverting(_2s7(7.4.0):C1) Uninverting(_2s8(7.4.0):C1) Uninverting(_2s9(7.4.0):C1)))}
2019-02-17 21:23:36.750  INFO 22640 --- [    Test worker] o.a.s.u.p.LogUpdateProcessorFactory      : [collection]  webapp=null path=/update params={commit=true&softCommit=false&waitSearcher=true}{commit=} 0 129
Uploade file: /EWD-TestFolder/TestFile-5.txt
i>id:HlkZd2jnAqYAAAAAAAANtQ tags: miami, cv, application
2019-02-17 21:23:37.659  INFO 22640 --- [    Test worker] o.a.s.u.p.LogUpdateProcessorFactory      : [collection]  webapp=null path=/update params={}{add=[id:HlkZd2jnAqYAAAAAAAANtQ (1625748949076803584)]} 0 4
2019-02-17 21:23:37.674  INFO 22640 --- [    Test worker] o.a.s.u.DirectUpdateHandler2             : start commit{_version_=1625748949092532224,optimize=false,openSearcher=true,waitSearcher=true,expungeDeletes=false,softCommit=false,prepareCommit=false}
2019-02-17 21:23:37.674  INFO 22640 --- [    Test worker] o.a.s.u.SolrIndexWriter                  : Calling setCommitData with IW:org.apache.solr.update.SolrIndexWriter@4e80896e commitCommandVersion:1625748949092532224
2019-02-17 21:23:37.815  INFO 22640 --- [    Test worker] o.a.s.s.SolrIndexSearcher                : Opening [Searcher@19128860[collection] main]
2019-02-17 21:23:37.815  INFO 22640 --- [tor-10-thread-1] o.a.s.c.QuerySenderListener              : QuerySenderListener sending requests to Searcher@19128860[collection] main{ExitableDirectoryReader(UninvertingDirectoryReader(Uninverting(_2s6(7.4.0):C1) Uninverting(_2s7(7.4.0):C1) Uninverting(_2s8(7.4.0):C1) Uninverting(_2s9(7.4.0):C1) Uninverting(_2sa(7.4.0):C1)))}
2019-02-17 21:23:37.815  INFO 22640 --- [tor-10-thread-1] o.a.s.c.QuerySenderListener              : QuerySenderListener done.
2019-02-17 21:23:37.815  INFO 22640 --- [    Test worker] o.a.s.u.DirectUpdateHandler2             : end_commit_flush
2019-02-17 21:23:37.815  INFO 22640 --- [tor-10-thread-1] o.a.s.c.SolrCore                         : [collection] Registered new searcher Searcher@19128860[collection] main{ExitableDirectoryReader(UninvertingDirectoryReader(Uninverting(_2s6(7.4.0):C1) Uninverting(_2s7(7.4.0):C1) Uninverting(_2s8(7.4.0):C1) Uninverting(_2s9(7.4.0):C1) Uninverting(_2sa(7.4.0):C1)))}
2019-02-17 21:23:37.815  INFO 22640 --- [    Test worker] o.a.s.u.p.LogUpdateProcessorFactory      : [collection]  webapp=null path=/update params={commit=true&softCommit=false&waitSearcher=true}{commit=} 0 146
Uploade file: /EWD-TestFolder/TestFile-6.txt
i>id:HlkZd2jnAqYAAAAAAAANtg tags: miami, cv, application
2019-02-17 21:23:38.677  INFO 22640 --- [    Test worker] o.a.s.u.p.LogUpdateProcessorFactory      : [collection]  webapp=null path=/update params={}{add=[id:HlkZd2jnAqYAAAAAAAANtg (1625748950128525312)]} 0 10
2019-02-17 21:23:38.677  INFO 22640 --- [    Test worker] o.a.s.u.DirectUpdateHandler2             : start commit{_version_=1625748950144253952,optimize=false,openSearcher=true,waitSearcher=true,expungeDeletes=false,softCommit=false,prepareCommit=false}
2019-02-17 21:23:38.677  INFO 22640 --- [    Test worker] o.a.s.u.SolrIndexWriter                  : Calling setCommitData with IW:org.apache.solr.update.SolrIndexWriter@4e80896e commitCommandVersion:1625748950144253952
2019-02-17 21:23:38.849  INFO 22640 --- [    Test worker] o.a.s.s.SolrIndexSearcher                : Opening [Searcher@724bcfa0[collection] main]
2019-02-17 21:23:38.849  INFO 22640 --- [tor-10-thread-1] o.a.s.c.QuerySenderListener              : QuerySenderListener sending requests to Searcher@724bcfa0[collection] main{ExitableDirectoryReader(UninvertingDirectoryReader(Uninverting(_2s6(7.4.0):C1) Uninverting(_2s7(7.4.0):C1) Uninverting(_2s8(7.4.0):C1) Uninverting(_2s9(7.4.0):C1) Uninverting(_2sa(7.4.0):C1) Uninverting(_2sb(7.4.0):C1)))}
2019-02-17 21:23:38.849  INFO 22640 --- [tor-10-thread-1] o.a.s.c.QuerySenderListener              : QuerySenderListener done.
2019-02-17 21:23:38.849  INFO 22640 --- [    Test worker] o.a.s.u.DirectUpdateHandler2             : end_commit_flush
2019-02-17 21:23:38.849  INFO 22640 --- [tor-10-thread-1] o.a.s.c.SolrCore                         : [collection] Registered new searcher Searcher@724bcfa0[collection] main{ExitableDirectoryReader(UninvertingDirectoryReader(Uninverting(_2s6(7.4.0):C1) Uninverting(_2s7(7.4.0):C1) Uninverting(_2s8(7.4.0):C1) Uninverting(_2s9(7.4.0):C1) Uninverting(_2sa(7.4.0):C1) Uninverting(_2sb(7.4.0):C1)))}
2019-02-17 21:23:38.849  INFO 22640 --- [    Test worker] o.a.s.u.p.LogUpdateProcessorFactory      : [collection]  webapp=null path=/update params={commit=true&softCommit=false&waitSearcher=true}{commit=} 0 174
Uploade file: /EWD-TestFolder/TestFile-7.txt
i>id:HlkZd2jnAqYAAAAAAAANtw tags: miami, cv, application, work
2019-02-17 21:23:39.820  INFO 22640 --- [    Test worker] o.a.s.u.p.LogUpdateProcessorFactory      : [collection]  webapp=null path=/update params={}{add=[id:HlkZd2jnAqYAAAAAAAANtw (1625748951338582016)]} 0 9
2019-02-17 21:23:39.820  INFO 22640 --- [    Test worker] o.a.s.u.DirectUpdateHandler2             : start commit{_version_=1625748951342776320,optimize=false,openSearcher=true,waitSearcher=true,expungeDeletes=false,softCommit=false,prepareCommit=false}
2019-02-17 21:23:39.820  INFO 22640 --- [    Test worker] o.a.s.u.SolrIndexWriter                  : Calling setCommitData with IW:org.apache.solr.update.SolrIndexWriter@4e80896e commitCommandVersion:1625748951342776320
2019-02-17 21:23:40.014  INFO 22640 --- [    Test worker] o.a.s.s.SolrIndexSearcher                : Opening [Searcher@4684de5a[collection] main]
2019-02-17 21:23:40.014  INFO 22640 --- [tor-10-thread-1] o.a.s.c.QuerySenderListener              : QuerySenderListener sending requests to Searcher@4684de5a[collection] main{ExitableDirectoryReader(UninvertingDirectoryReader(Uninverting(_2s6(7.4.0):C1) Uninverting(_2s7(7.4.0):C1) Uninverting(_2s8(7.4.0):C1) Uninverting(_2s9(7.4.0):C1) Uninverting(_2sa(7.4.0):C1) Uninverting(_2sb(7.4.0):C1) Uninverting(_2sc(7.4.0):C1)))}
2019-02-17 21:23:40.014  INFO 22640 --- [tor-10-thread-1] o.a.s.c.QuerySenderListener              : QuerySenderListener done.
2019-02-17 21:23:40.014  INFO 22640 --- [    Test worker] o.a.s.u.DirectUpdateHandler2             : end_commit_flush
2019-02-17 21:23:40.014  INFO 22640 --- [tor-10-thread-1] o.a.s.c.SolrCore                         : [collection] Registered new searcher Searcher@4684de5a[collection] main{ExitableDirectoryReader(UninvertingDirectoryReader(Uninverting(_2s6(7.4.0):C1) Uninverting(_2s7(7.4.0):C1) Uninverting(_2s8(7.4.0):C1) Uninverting(_2s9(7.4.0):C1) Uninverting(_2sa(7.4.0):C1) Uninverting(_2sb(7.4.0):C1) Uninverting(_2sc(7.4.0):C1)))}
2019-02-17 21:23:40.014  INFO 22640 --- [    Test worker] o.a.s.u.p.LogUpdateProcessorFactory      : [collection]  webapp=null path=/update params={commit=true&softCommit=false&waitSearcher=true}{commit=} 0 196
Uploade file: /EWD-TestFolder/TestFile-8.txt
i>id:HlkZd2jnAqYAAAAAAAANuA tags: miami, cv, application, work
2019-02-17 21:23:40.882  INFO 22640 --- [    Test worker] o.a.s.u.p.LogUpdateProcessorFactory      : [collection]  webapp=null path=/update params={}{add=[id:HlkZd2jnAqYAAAAAAAANuA (1625748952456364032)]} 0 9
2019-02-17 21:23:40.882  INFO 22640 --- [    Test worker] o.a.s.u.DirectUpdateHandler2             : start commit{_version_=1625748952456364033,optimize=false,openSearcher=true,waitSearcher=true,expungeDeletes=false,softCommit=false,prepareCommit=false}
2019-02-17 21:23:40.882  INFO 22640 --- [    Test worker] o.a.s.u.SolrIndexWriter                  : Calling setCommitData with IW:org.apache.solr.update.SolrIndexWriter@4e80896e commitCommandVersion:1625748952456364033
2019-02-17 21:23:41.048  INFO 22640 --- [    Test worker] o.a.s.s.SolrIndexSearcher                : Opening [Searcher@e191cd5[collection] main]
2019-02-17 21:23:41.049  INFO 22640 --- [tor-10-thread-1] o.a.s.c.QuerySenderListener              : QuerySenderListener sending requests to Searcher@e191cd5[collection] main{ExitableDirectoryReader(UninvertingDirectoryReader(Uninverting(_2s6(7.4.0):C1) Uninverting(_2s7(7.4.0):C1) Uninverting(_2s8(7.4.0):C1) Uninverting(_2s9(7.4.0):C1) Uninverting(_2sa(7.4.0):C1) Uninverting(_2sb(7.4.0):C1) Uninverting(_2sc(7.4.0):C1) Uninverting(_2sd(7.4.0):C1)))}
2019-02-17 21:23:41.049  INFO 22640 --- [tor-10-thread-1] o.a.s.c.QuerySenderListener              : QuerySenderListener done.
2019-02-17 21:23:41.050  INFO 22640 --- [    Test worker] o.a.s.u.DirectUpdateHandler2             : end_commit_flush
2019-02-17 21:23:41.051  INFO 22640 --- [tor-10-thread-1] o.a.s.c.SolrCore                         : [collection] Registered new searcher Searcher@e191cd5[collection] main{ExitableDirectoryReader(UninvertingDirectoryReader(Uninverting(_2s6(7.4.0):C1) Uninverting(_2s7(7.4.0):C1) Uninverting(_2s8(7.4.0):C1) Uninverting(_2s9(7.4.0):C1) Uninverting(_2sa(7.4.0):C1) Uninverting(_2sb(7.4.0):C1) Uninverting(_2sc(7.4.0):C1) Uninverting(_2sd(7.4.0):C1)))}
2019-02-17 21:23:41.052  INFO 22640 --- [    Test worker] o.a.s.u.p.LogUpdateProcessorFactory      : [collection]  webapp=null path=/update params={commit=true&softCommit=false&waitSearcher=true}{commit=} 0 158
Uploade file: /EWD-TestFolder/TestFile-9.txt
i>id:HlkZd2jnAqYAAAAAAAANuQ tags: miami, cv, application, work, beach
2019-02-17 21:23:42.014  INFO 22640 --- [    Test worker] o.a.s.u.p.LogUpdateProcessorFactory      : [collection]  webapp=null path=/update params={}{add=[id:HlkZd2jnAqYAAAAAAAANuQ (1625748953639157760)]} 0 5
2019-02-17 21:23:42.015  INFO 22640 --- [    Test worker] o.a.s.u.DirectUpdateHandler2             : start commit{_version_=1625748953644400640,optimize=false,openSearcher=true,waitSearcher=true,expungeDeletes=false,softCommit=false,prepareCommit=false}
2019-02-17 21:23:42.016  INFO 22640 --- [    Test worker] o.a.s.u.SolrIndexWriter                  : Calling setCommitData with IW:org.apache.solr.update.SolrIndexWriter@4e80896e commitCommandVersion:1625748953644400640
2019-02-17 21:23:42.208  INFO 22640 --- [    Test worker] o.a.s.s.SolrIndexSearcher                : Opening [Searcher@4e655e12[collection] main]
2019-02-17 21:23:42.208  INFO 22640 --- [tor-10-thread-1] o.a.s.c.QuerySenderListener              : QuerySenderListener sending requests to Searcher@4e655e12[collection] main{ExitableDirectoryReader(UninvertingDirectoryReader(Uninverting(_2s6(7.4.0):C1) Uninverting(_2s7(7.4.0):C1) Uninverting(_2s8(7.4.0):C1) Uninverting(_2s9(7.4.0):C1) Uninverting(_2sa(7.4.0):C1) Uninverting(_2sb(7.4.0):C1) Uninverting(_2sc(7.4.0):C1) Uninverting(_2sd(7.4.0):C1) Uninverting(_2se(7.4.0):C1)))}
2019-02-17 21:23:42.208  INFO 22640 --- [tor-10-thread-1] o.a.s.c.QuerySenderListener              : QuerySenderListener done.
2019-02-17 21:23:42.224  INFO 22640 --- [tor-10-thread-1] o.a.s.c.SolrCore                         : [collection] Registered new searcher Searcher@4e655e12[collection] main{ExitableDirectoryReader(UninvertingDirectoryReader(Uninverting(_2s6(7.4.0):C1) Uninverting(_2s7(7.4.0):C1) Uninverting(_2s8(7.4.0):C1) Uninverting(_2s9(7.4.0):C1) Uninverting(_2sa(7.4.0):C1) Uninverting(_2sb(7.4.0):C1) Uninverting(_2sc(7.4.0):C1) Uninverting(_2sd(7.4.0):C1) Uninverting(_2se(7.4.0):C1)))}
2019-02-17 21:23:42.224  INFO 22640 --- [    Test worker] o.a.s.u.DirectUpdateHandler2             : end_commit_flush
2019-02-17 21:23:42.224  INFO 22640 --- [    Test worker] o.a.s.u.p.LogUpdateProcessorFactory      : [collection]  webapp=null path=/update params={commit=true&softCommit=false&waitSearcher=true}{commit=} 0 211
Uploade file: /EWD-TestFolder/TestFile-10.txt
i>id:HlkZd2jnAqYAAAAAAAANug tags: miami, cv, application, work, beach
2019-02-17 21:23:43.042  INFO 22640 --- [    Test worker] o.a.s.u.p.LogUpdateProcessorFactory      : [collection]  webapp=null path=/update params={}{add=[id:HlkZd2jnAqYAAAAAAAANug (1625748954712899584)]} 0 10
2019-02-17 21:23:43.044  INFO 22640 --- [    Test worker] o.a.s.u.DirectUpdateHandler2             : start commit{_version_=1625748954723385344,optimize=false,openSearcher=true,waitSearcher=true,expungeDeletes=false,softCommit=false,prepareCommit=false}
2019-02-17 21:23:43.045  INFO 22640 --- [    Test worker] o.a.s.u.SolrIndexWriter                  : Calling setCommitData with IW:org.apache.solr.update.SolrIndexWriter@4e80896e commitCommandVersion:1625748954723385344
2019-02-17 21:23:43.221  INFO 22640 --- [    Test worker] o.a.s.s.SolrIndexSearcher                : Opening [Searcher@588a0ade[collection] main]
2019-02-17 21:23:43.221  INFO 22640 --- [tor-10-thread-1] o.a.s.c.QuerySenderListener              : QuerySenderListener sending requests to Searcher@588a0ade[collection] main{ExitableDirectoryReader(UninvertingDirectoryReader(Uninverting(_2s6(7.4.0):C1) Uninverting(_2s7(7.4.0):C1) Uninverting(_2s8(7.4.0):C1) Uninverting(_2s9(7.4.0):C1) Uninverting(_2sa(7.4.0):C1) Uninverting(_2sb(7.4.0):C1) Uninverting(_2sc(7.4.0):C1) Uninverting(_2sd(7.4.0):C1) Uninverting(_2se(7.4.0):C1) Uninverting(_2sf(7.4.0):C1)))}
2019-02-17 21:23:43.221  INFO 22640 --- [tor-10-thread-1] o.a.s.c.QuerySenderListener              : QuerySenderListener done.
2019-02-17 21:23:43.221  INFO 22640 --- [tor-10-thread-1] o.a.s.c.SolrCore                         : [collection] Registered new searcher Searcher@588a0ade[collection] main{ExitableDirectoryReader(UninvertingDirectoryReader(Uninverting(_2s6(7.4.0):C1) Uninverting(_2s7(7.4.0):C1) Uninverting(_2s8(7.4.0):C1) Uninverting(_2s9(7.4.0):C1) Uninverting(_2sa(7.4.0):C1) Uninverting(_2sb(7.4.0):C1) Uninverting(_2sc(7.4.0):C1) Uninverting(_2sd(7.4.0):C1) Uninverting(_2se(7.4.0):C1) Uninverting(_2sf(7.4.0):C1)))}
2019-02-17 21:23:43.236  INFO 22640 --- [    Test worker] o.a.s.u.DirectUpdateHandler2             : end_commit_flush
2019-02-17 21:23:43.236  INFO 22640 --- [    Test worker] o.a.s.u.p.LogUpdateProcessorFactory      : [collection]  webapp=null path=/update params={commit=true&softCommit=false&waitSearcher=true}{commit=} 0 197
]]></system-out>
  <system-err><![CDATA[]]></system-err>
</testsuite>
